<?xml version="1.0" encoding="UTF-8"?>
<!-- Generated by org.testng.reporters.JUnitReportReporter -->
<testsuite hostname="Camilo-ASUS" failures="0" tests="2" name="seleniumproject.test.ErrorValidationsTest" time="20.899" errors="0" timestamp="2024-05-17T15:48:54 COT" skipped="0">
  <testcase classname="seleniumproject.test.ErrorValidationsTest" name="loginErrorValidation" time="4.898"/>
  <testcase classname="seleniumproject.test.ErrorValidationsTest" name="productErrorValidation" time="16.001"/>
</testsuite> <!-- seleniumproject.test.ErrorValidationsTest -->
