<?xml version="1.0" encoding="UTF-8"?>
<!-- Generated by org.testng.reporters.JUnitReportReporter -->
<testsuite hostname="Camilo-ASUS" failures="0" tests="2" name="cucumber.TestNGTestRunner" time="12.557" errors="0" timestamp="2024-05-23T22:41:14 COT" skipped="0">
  <testcase classname="cucumber.TestNGTestRunner" name="runScenario" time="6.733"/>
  <testcase classname="cucumber.TestNGTestRunner" name="runScenario" time="5.824"/>
</testsuite> <!-- cucumber.TestNGTestRunner -->
