<?xml version="1.0" encoding="UTF-8"?>
<!-- Generated by org.testng.reporters.JUnitReportReporter -->
<testsuite hostname="Camilo-ASUS" failures="0" tests="1" name="seleniumproject.test.ErrorValidations" time="7.341" errors="0" timestamp="2024-05-07T20:21:01 COT" skipped="0">
  <testcase classname="seleniumproject.test.ErrorValidations" name="SubmitOrder" time="7.341"/>
</testsuite> <!-- seleniumproject.test.ErrorValidations -->
