<?xml version="1.0" encoding="UTF-8"?>
<!-- Generated by org.testng.reporters.JUnitReportReporter -->
<testsuite hostname="Camilo-ASUS" failures="0" tests="2" name="seleniumproject.test.ErrorValidationsTest" time="23.507" errors="0" timestamp="2024-05-22T20:16:33 COT" skipped="0">
  <testcase classname="seleniumproject.test.ErrorValidationsTest" name="loginErrorValidation" time="6.889"/>
  <testcase classname="seleniumproject.test.ErrorValidationsTest" name="productErrorValidation" time="16.618"/>
</testsuite> <!-- seleniumproject.test.ErrorValidationsTest -->
